[24-Aug-2023 16:21:36 UTC] PHP Fatal error:  Uncaught Error: Call to protected method Elementor\Controls_Stack::content_template() from context '' in C:\MAMP\htdocs\MedIt\wp-includes\functions.php:5383
Stack trace:
#0 C:\MAMP\htdocs\MedIt\wp-content\plugins\elementor\modules\dev-tools\deprecation.php(242): _deprecated_function('_content_templa...', '2.9.0', 'Elementor\\Contr...')
#1 C:\MAMP\htdocs\MedIt\wp-content\plugins\elementor\includes\base\controls-stack.php(1988): Elementor\Modules\DevTools\Deprecation->deprecated_function('_content_templa...', '2.9.0', 'Elementor\\Contr...')
#2 C:\MAMP\htdocs\MedIt\wp-content\plugins\elementor\includes\managers\widgets.php(488): Elementor\Controls_Stack->print_template()
#3 C:\MAMP\htdocs\MedIt\wp-content\plugins\elementor\core\editor\editor.php(831): Elementor\Widgets_Manager->render_widgets_content()
#4 C:\MAMP\htdocs\MedIt\wp-includes\class-wp-hook.php(308): Elementor\Core\Editor\Editor->wp_footer('')
#5 C:\MAMP\htdocs\MedIt\wp-includes\class-wp-hook.php(332): WP_Hook->apply_filters('', Array)
#6 C:\MAMP\htdo in C:\MAMP\htdocs\MedIt\wp-includes\functions.php on line 5383
[24-Aug-2023 16:21:36 UTC] PHP Notice:  ob_end_flush(): failed to send buffer of zlib output compression (1) in C:\MAMP\htdocs\MedIt\wp-includes\functions.php on line 5279
[24-Aug-2023 16:21:36 UTC] PHP Notice:  ob_end_flush(): failed to send buffer of zlib output compression (1) in C:\MAMP\htdocs\MedIt\wp-includes\functions.php on line 5279
[24-Aug-2023 16:23:10 UTC] PHP Deprecated:  Function _content_template is <strong>deprecated</strong> since version 2.9.0! Use Elementor\Controls_Stack::content_template() instead. in C:\MAMP\htdocs\MedIt\wp-includes\functions.php on line 5383
[24-Aug-2023 16:23:10 UTC] PHP Deprecated:  Function _content_template is <strong>deprecated</strong> since version 2.9.0! Use Elementor\Controls_Stack::content_template() instead. in C:\MAMP\htdocs\MedIt\wp-includes\functions.php on line 5383
[24-Aug-2023 16:23:10 UTC] PHP Deprecated:  Function _content_template is <strong>deprecated</strong> since version 2.9.0! Use Elementor\Controls_Stack::content_template() instead. in C:\MAMP\htdocs\MedIt\wp-includes\functions.php on line 5383
[24-Aug-2023 16:23:10 UTC] PHP Deprecated:  Function _content_template is <strong>deprecated</strong> since version 2.9.0! Use Elementor\Controls_Stack::content_template() instead. in C:\MAMP\htdocs\MedIt\wp-includes\functions.php on line 5383
[24-Aug-2023 16:23:10 UTC] PHP Deprecated:  Function _content_template is <strong>deprecated</strong> since version 2.9.0! Use Elementor\Controls_Stack::content_template() instead. in C:\MAMP\htdocs\MedIt\wp-includes\functions.php on line 5383
[24-Aug-2023 16:23:10 UTC] PHP Deprecated:  Function _content_template is <strong>deprecated</strong> since version 2.9.0! Use Elementor\Controls_Stack::content_template() instead. in C:\MAMP\htdocs\MedIt\wp-includes\functions.php on line 5383
[24-Aug-2023 16:23:10 UTC] PHP Deprecated:  Function _content_template is <strong>deprecated</strong> since version 2.9.0! Use Elementor\Controls_Stack::content_template() instead. in C:\MAMP\htdocs\MedIt\wp-includes\functions.php on line 5383
[24-Aug-2023 16:23:10 UTC] PHP Deprecated:  Function _content_template is <strong>deprecated</strong> since version 2.9.0! Use Elementor\Controls_Stack::content_template() instead. in C:\MAMP\htdocs\MedIt\wp-includes\functions.php on line 5383
[24-Aug-2023 16:23:10 UTC] PHP Deprecated:  Function _content_template is <strong>deprecated</strong> since version 2.9.0! Use Elementor\Controls_Stack::content_template() instead. in C:\MAMP\htdocs\MedIt\wp-includes\functions.php on line 5383
[24-Aug-2023 16:23:10 UTC] PHP Deprecated:  Function _content_template is <strong>deprecated</strong> since version 2.9.0! Use Elementor\Controls_Stack::content_template() instead. in C:\MAMP\htdocs\MedIt\wp-includes\functions.php on line 5383
[24-Aug-2023 16:23:10 UTC] PHP Deprecated:  Function _content_template is <strong>deprecated</strong> since version 2.9.0! Use Elementor\Controls_Stack::content_template() instead. in C:\MAMP\htdocs\MedIt\wp-includes\functions.php on line 5383
[24-Aug-2023 16:23:10 UTC] PHP Deprecated:  Function _content_template is <strong>deprecated</strong> since version 2.9.0! Use Elementor\Controls_Stack::content_template() instead. in C:\MAMP\htdocs\MedIt\wp-includes\functions.php on line 5383
[24-Aug-2023 16:23:10 UTC] PHP Deprecated:  Function _content_template is <strong>deprecated</strong> since version 2.9.0! Use Elementor\Controls_Stack::content_template() instead. in C:\MAMP\htdocs\MedIt\wp-includes\functions.php on line 5383
[24-Aug-2023 16:23:10 UTC] PHP Deprecated:  Function _content_template is <strong>deprecated</strong> since version 2.9.0! Use Elementor\Controls_Stack::content_template() instead. in C:\MAMP\htdocs\MedIt\wp-includes\functions.php on line 5383
[24-Aug-2023 16:23:10 UTC] PHP Deprecated:  Function _content_template is <strong>deprecated</strong> since version 2.9.0! Use Elementor\Controls_Stack::content_template() instead. in C:\MAMP\htdocs\MedIt\wp-includes\functions.php on line 5383
[24-Aug-2023 16:23:10 UTC] PHP Deprecated:  Function _content_template is <strong>deprecated</strong> since version 2.9.0! Use Elementor\Controls_Stack::content_template() instead. in C:\MAMP\htdocs\MedIt\wp-includes\functions.php on line 5383
[24-Aug-2023 16:23:10 UTC] PHP Deprecated:  Function _content_template is <strong>deprecated</strong> since version 2.9.0! Use Elementor\Controls_Stack::content_template() instead. in C:\MAMP\htdocs\MedIt\wp-includes\functions.php on line 5383
[24-Aug-2023 16:23:10 UTC] PHP Deprecated:  Function _content_template is <strong>deprecated</strong> since version 2.9.0! Use Elementor\Controls_Stack::content_template() instead. in C:\MAMP\htdocs\MedIt\wp-includes\functions.php on line 5383
[24-Aug-2023 16:23:10 UTC] PHP Deprecated:  Function _content_template is <strong>deprecated</strong> since version 2.9.0! Use Elementor\Controls_Stack::content_template() instead. in C:\MAMP\htdocs\MedIt\wp-includes\functions.php on line 5383
[24-Aug-2023 16:23:10 UTC] PHP Deprecated:  Function _content_template is <strong>deprecated</strong> since version 2.9.0! Use Elementor\Controls_Stack::content_template() instead. in C:\MAMP\htdocs\MedIt\wp-includes\functions.php on line 5383
[24-Aug-2023 16:23:10 UTC] PHP Deprecated:  Function _content_template is <strong>deprecated</strong> since version 2.9.0! Use Elementor\Controls_Stack::content_template() instead. in C:\MAMP\htdocs\MedIt\wp-includes\functions.php on line 5383
[24-Aug-2023 16:23:10 UTC] PHP Deprecated:  Function _content_template is <strong>deprecated</strong> since version 2.9.0! Use Elementor\Controls_Stack::content_template() instead. in C:\MAMP\htdocs\MedIt\wp-includes\functions.php on line 5383
[24-Aug-2023 16:23:10 UTC] PHP Deprecated:  Function _content_template is <strong>deprecated</strong> since version 2.9.0! Use Elementor\Controls_Stack::content_template() instead. in C:\MAMP\htdocs\MedIt\wp-includes\functions.php on line 5383
[24-Aug-2023 16:23:10 UTC] PHP Deprecated:  Function _content_template is <strong>deprecated</strong> since version 2.9.0! Use Elementor\Controls_Stack::content_template() instead. in C:\MAMP\htdocs\MedIt\wp-includes\functions.php on line 5383
[24-Aug-2023 16:23:10 UTC] PHP Notice:  ob_end_flush(): failed to send buffer of zlib output compression (1) in C:\MAMP\htdocs\MedIt\wp-includes\functions.php on line 5279
[24-Aug-2023 16:23:10 UTC] PHP Notice:  ob_end_flush(): failed to send buffer of zlib output compression (1) in C:\MAMP\htdocs\MedIt\wp-includes\functions.php on line 5279
[24-Aug-2023 16:23:12 UTC] PHP Notice:  Array to string conversion in C:\MAMP\htdocs\MedIt\wp-content\themes\oceanwp-child-theme-master\header.php on line 66
[24-Aug-2023 16:23:12 UTC] PHP Notice:  ob_end_flush(): failed to send buffer of zlib output compression (1) in C:\MAMP\htdocs\MedIt\wp-includes\functions.php on line 5279
[24-Aug-2023 16:23:12 UTC] PHP Notice:  ob_end_flush(): failed to send buffer of zlib output compression (1) in C:\MAMP\htdocs\MedIt\wp-includes\functions.php on line 5279
[24-Aug-2023 16:23:13 UTC] PHP Deprecated:  Function _register_controls is <strong>deprecated</strong> since version 3.1.0! Use Elementor\Controls_Stack::register_controls() instead. in C:\MAMP\htdocs\MedIt\wp-includes\functions.php on line 5383
[24-Aug-2023 16:23:13 UTC] PHP Notice:  Undefined index: file in C:\MAMP\htdocs\MedIt\wp-content\plugins\query-monitor\collectors\php_errors.php on line 380
[24-Aug-2023 16:23:13 UTC] PHP Notice:  Undefined index: line in C:\MAMP\htdocs\MedIt\wp-content\plugins\query-monitor\collectors\php_errors.php on line 380
[24-Aug-2023 16:23:13 UTC] PHP Fatal error:  Uncaught Error: Class 'Scheme_Typography' not found in C:\MAMP\htdocs\MedIt\wp-content\plugins\ocean-elementor-widgets\modules\accordion\widgets\accordion.php:244
Stack trace:
#0 C:\MAMP\htdocs\MedIt\wp-content\plugins\elementor\includes\base\controls-stack.php(2325): owpElementor\Modules\Accordion\Widgets\Accordion->_register_controls()
#1 C:\MAMP\htdocs\MedIt\wp-content\plugins\elementor\includes\base\controls-stack.php(496): Elementor\Controls_Stack->init_controls()
#2 C:\MAMP\htdocs\MedIt\wp-content\plugins\elementor\includes\base\widget-base.php(177): Elementor\Controls_Stack->get_stack()
#3 C:\MAMP\htdocs\MedIt\wp-content\plugins\elementor\includes\managers\widgets.php(351): Elementor\Widget_Base->get_stack(false)
#4 [internal function]: Elementor\Widgets_Manager->ajax_get_widget_types_controls_config(Array, Object(Elementor\Core\Common\Modules\Ajax\Module))
#5 C:\MAMP\htdocs\MedIt\wp-content\plugins\elementor\core\common\modules\ajax\module.php(171): call_user_func(Array, Array, Object(Elementor\Core\C in C:\MAMP\htdocs\MedIt\wp-content\plugins\ocean-elementor-widgets\modules\accordion\widgets\accordion.php on line 244
[24-Aug-2023 16:23:40 UTC] PHP Notice:  ob_end_flush(): failed to send buffer of zlib output compression (1) in C:\MAMP\htdocs\MedIt\wp-includes\functions.php on line 5279
[24-Aug-2023 16:23:40 UTC] PHP Notice:  ob_end_flush(): failed to send buffer of zlib output compression (1) in C:\MAMP\htdocs\MedIt\wp-includes\functions.php on line 5279
[24-Aug-2023 16:23:49 UTC] PHP Notice:  ob_end_flush(): failed to send buffer of zlib output compression (1) in C:\MAMP\htdocs\MedIt\wp-includes\functions.php on line 5279
[24-Aug-2023 16:23:49 UTC] PHP Notice:  ob_end_flush(): failed to send buffer of zlib output compression (1) in C:\MAMP\htdocs\MedIt\wp-includes\functions.php on line 5279
[24-Aug-2023 16:23:57 UTC] PHP Notice:  ob_end_flush(): failed to send buffer of zlib output compression (1) in C:\MAMP\htdocs\MedIt\wp-includes\functions.php on line 5279
[24-Aug-2023 16:23:57 UTC] PHP Notice:  ob_end_flush(): failed to send buffer of zlib output compression (1) in C:\MAMP\htdocs\MedIt\wp-includes\functions.php on line 5279
[24-Aug-2023 16:24:03 UTC] PHP Notice:  ob_end_flush(): failed to send buffer of zlib output compression (1) in C:\MAMP\htdocs\MedIt\wp-includes\functions.php on line 5279
[24-Aug-2023 16:24:03 UTC] PHP Notice:  ob_end_flush(): failed to send buffer of zlib output compression (1) in C:\MAMP\htdocs\MedIt\wp-includes\functions.php on line 5279
[24-Aug-2023 16:24:04 UTC] PHP Notice:  ob_end_flush(): failed to send buffer of zlib output compression (1) in C:\MAMP\htdocs\MedIt\wp-includes\functions.php on line 5279
[24-Aug-2023 16:24:04 UTC] PHP Notice:  ob_end_flush(): failed to send buffer of zlib output compression (1) in C:\MAMP\htdocs\MedIt\wp-includes\functions.php on line 5279
[24-Aug-2023 16:24:12 UTC] PHP Notice:  ob_end_flush(): failed to send buffer of zlib output compression (1) in C:\MAMP\htdocs\MedIt\wp-includes\functions.php on line 5279
[24-Aug-2023 16:24:12 UTC] PHP Notice:  ob_end_flush(): failed to send buffer of zlib output compression (1) in C:\MAMP\htdocs\MedIt\wp-includes\functions.php on line 5279
[24-Aug-2023 16:24:12 UTC] PHP Notice:  ob_end_flush(): failed to send buffer of zlib output compression (1) in C:\MAMP\htdocs\MedIt\wp-includes\functions.php on line 5279
[24-Aug-2023 16:24:12 UTC] PHP Notice:  ob_end_flush(): failed to send buffer of zlib output compression (1) in C:\MAMP\htdocs\MedIt\wp-includes\functions.php on line 5279
[24-Aug-2023 16:24:14 UTC] PHP Notice:  ob_end_flush(): failed to send buffer of zlib output compression (1) in C:\MAMP\htdocs\MedIt\wp-includes\functions.php on line 5279
[24-Aug-2023 16:24:14 UTC] PHP Notice:  ob_end_flush(): failed to send buffer of zlib output compression (1) in C:\MAMP\htdocs\MedIt\wp-includes\functions.php on line 5279
[24-Aug-2023 16:24:14 UTC] PHP Notice:  ob_end_flush(): failed to send buffer of zlib output compression (1) in C:\MAMP\htdocs\MedIt\wp-includes\functions.php on line 5279
[24-Aug-2023 16:24:14 UTC] PHP Notice:  ob_end_flush(): failed to send buffer of zlib output compression (1) in C:\MAMP\htdocs\MedIt\wp-includes\functions.php on line 5279
[24-Aug-2023 16:24:23 UTC] PHP Notice:  ob_end_flush(): failed to send buffer of zlib output compression (1) in C:\MAMP\htdocs\MedIt\wp-includes\functions.php on line 5279
[24-Aug-2023 16:24:23 UTC] PHP Notice:  ob_end_flush(): failed to send buffer of zlib output compression (1) in C:\MAMP\htdocs\MedIt\wp-includes\functions.php on line 5279
[24-Aug-2023 16:24:24 UTC] PHP Notice:  ob_end_flush(): failed to send buffer of zlib output compression (1) in C:\MAMP\htdocs\MedIt\wp-includes\functions.php on line 5279
[24-Aug-2023 16:24:24 UTC] PHP Notice:  ob_end_flush(): failed to send buffer of zlib output compression (1) in C:\MAMP\htdocs\MedIt\wp-includes\functions.php on line 5279
[24-Aug-2023 16:24:28 UTC] PHP Notice:  ob_end_flush(): failed to send buffer of zlib output compression (1) in C:\MAMP\htdocs\MedIt\wp-includes\functions.php on line 5279
[24-Aug-2023 16:24:28 UTC] PHP Notice:  ob_end_flush(): failed to send buffer of zlib output compression (1) in C:\MAMP\htdocs\MedIt\wp-includes\functions.php on line 5279
[24-Aug-2023 16:24:28 UTC] PHP Notice:  ob_end_flush(): failed to send buffer of zlib output compression (1) in C:\MAMP\htdocs\MedIt\wp-includes\functions.php on line 5279
[24-Aug-2023 16:24:28 UTC] PHP Notice:  ob_end_flush(): failed to send buffer of zlib output compression (1) in C:\MAMP\htdocs\MedIt\wp-includes\functions.php on line 5279
[24-Aug-2023 16:24:28 UTC] PHP Notice:  ob_end_flush(): failed to send buffer of zlib output compression (1) in C:\MAMP\htdocs\MedIt\wp-includes\functions.php on line 5279
[24-Aug-2023 16:24:28 UTC] PHP Notice:  ob_end_flush(): failed to send buffer of zlib output compression (1) in C:\MAMP\htdocs\MedIt\wp-includes\functions.php on line 5279
[24-Aug-2023 16:24:28 UTC] PHP Notice:  ob_end_flush(): failed to send buffer of zlib output compression (1) in C:\MAMP\htdocs\MedIt\wp-includes\functions.php on line 5279
[24-Aug-2023 16:24:28 UTC] PHP Notice:  ob_end_flush(): failed to send buffer of zlib output compression (1) in C:\MAMP\htdocs\MedIt\wp-includes\functions.php on line 5279
[24-Aug-2023 16:24:29 UTC] PHP Deprecated:  The PSR-0 `Requests_...` class names in the Requests library are deprecated. Switch to the PSR-4 `WpOrg\Requests\...` class names at your earliest convenience. in C:\MAMP\htdocs\MedIt\wp-includes\Requests\src\Autoload.php on line 171
[24-Aug-2023 16:24:29 UTC] PHP Notice:  ob_end_flush(): failed to send buffer of zlib output compression (1) in C:\MAMP\htdocs\MedIt\wp-includes\functions.php on line 5349
[24-Aug-2023 16:24:29 UTC] PHP Notice:  ob_end_flush(): failed to send buffer of zlib output compression (1) in C:\MAMP\htdocs\MedIt\wp-includes\functions.php on line 5349
[24-Aug-2023 16:24:30 UTC] PHP Deprecated:  The PSR-0 `Requests_...` class names in the Requests library are deprecated. Switch to the PSR-4 `WpOrg\Requests\...` class names at your earliest convenience. in C:\MAMP\htdocs\MedIt\wp-includes\Requests\src\Autoload.php on line 171
[24-Aug-2023 16:24:31 UTC] PHP Deprecated:  The PSR-0 `Requests_...` class names in the Requests library are deprecated. Switch to the PSR-4 `WpOrg\Requests\...` class names at your earliest convenience. in C:\MAMP\htdocs\MedIt\wp-includes\Requests\src\Autoload.php on line 171
[24-Aug-2023 16:24:31 UTC] PHP Deprecated:  The PSR-0 `Requests_...` class names in the Requests library are deprecated. Switch to the PSR-4 `WpOrg\Requests\...` class names at your earliest convenience. in C:\MAMP\htdocs\MedIt\wp-includes\Requests\src\Autoload.php on line 171
[24-Aug-2023 16:24:39 UTC] PHP Deprecated:  The PSR-0 `Requests_...` class names in the Requests library are deprecated. Switch to the PSR-4 `WpOrg\Requests\...` class names at your earliest convenience. in C:\MAMP\htdocs\MedIt\wp-includes\Requests\src\Autoload.php on line 171
[24-Aug-2023 16:24:42 UTC] PHP Notice:  ob_end_flush(): failed to send buffer of zlib output compression (1) in C:\MAMP\htdocs\MedIt\wp-includes\functions.php on line 5349
[24-Aug-2023 16:24:42 UTC] PHP Notice:  ob_end_flush(): failed to send buffer of zlib output compression (1) in C:\MAMP\htdocs\MedIt\wp-includes\functions.php on line 5349
[24-Aug-2023 16:24:44 UTC] PHP Deprecated:  The PSR-0 `Requests_...` class names in the Requests library are deprecated. Switch to the PSR-4 `WpOrg\Requests\...` class names at your earliest convenience. in C:\MAMP\htdocs\MedIt\wp-includes\Requests\src\Autoload.php on line 171
[24-Aug-2023 16:24:54 UTC] PHP Deprecated:  The PSR-0 `Requests_...` class names in the Requests library are deprecated. Switch to the PSR-4 `WpOrg\Requests\...` class names at your earliest convenience. in C:\MAMP\htdocs\MedIt\wp-includes\Requests\src\Autoload.php on line 171
[24-Aug-2023 16:25:16 UTC] PHP Notice:  Array to string conversion in C:\MAMP\htdocs\MedIt\wp-content\themes\oceanwp-child-theme-master\header.php on line 66
[24-Aug-2023 16:25:17 UTC] PHP Notice:  ob_end_flush(): failed to send buffer of zlib output compression (1) in C:\MAMP\htdocs\MedIt\wp-includes\functions.php on line 5349
[24-Aug-2023 16:25:17 UTC] PHP Notice:  ob_end_flush(): failed to send buffer of zlib output compression (1) in C:\MAMP\htdocs\MedIt\wp-includes\functions.php on line 5349
[24-Aug-2023 16:25:18 UTC] PHP Notice:  Array to string conversion in C:\MAMP\htdocs\MedIt\wp-content\themes\oceanwp-child-theme-master\header.php on line 66
[24-Aug-2023 16:25:18 UTC] PHP Notice:  ob_end_flush(): failed to send buffer of zlib output compression (1) in C:\MAMP\htdocs\MedIt\wp-includes\functions.php on line 5349
[24-Aug-2023 16:25:18 UTC] PHP Notice:  ob_end_flush(): failed to send buffer of zlib output compression (1) in C:\MAMP\htdocs\MedIt\wp-includes\functions.php on line 5349
[24-Aug-2023 16:25:23 UTC] PHP Notice:  ob_end_flush(): failed to send buffer of zlib output compression (1) in C:\MAMP\htdocs\MedIt\wp-includes\functions.php on line 5349
[24-Aug-2023 16:25:23 UTC] PHP Notice:  ob_end_flush(): failed to send buffer of zlib output compression (1) in C:\MAMP\htdocs\MedIt\wp-includes\functions.php on line 5349
[24-Aug-2023 16:25:24 UTC] PHP Notice:  Array to string conversion in C:\MAMP\htdocs\MedIt\wp-content\themes\oceanwp-child-theme-master\header.php on line 66
[24-Aug-2023 16:25:24 UTC] PHP Notice:  ob_end_flush(): failed to send buffer of zlib output compression (1) in C:\MAMP\htdocs\MedIt\wp-includes\functions.php on line 5349
[24-Aug-2023 16:25:24 UTC] PHP Notice:  ob_end_flush(): failed to send buffer of zlib output compression (1) in C:\MAMP\htdocs\MedIt\wp-includes\functions.php on line 5349
[24-Aug-2023 16:25:25 UTC] PHP Notice:  Undefined index: file in C:\MAMP\htdocs\MedIt\wp-content\plugins\query-monitor\collectors\php_errors.php on line 380
[24-Aug-2023 16:25:25 UTC] PHP Notice:  Undefined index: line in C:\MAMP\htdocs\MedIt\wp-content\plugins\query-monitor\collectors\php_errors.php on line 380
[24-Aug-2023 16:25:25 UTC] PHP Fatal error:  Uncaught Error: Class 'Scheme_Typography' not found in C:\MAMP\htdocs\MedIt\wp-content\plugins\ocean-elementor-widgets\modules\accordion\widgets\accordion.php:244
Stack trace:
#0 C:\MAMP\htdocs\MedIt\wp-content\plugins\elementor\includes\base\controls-stack.php(2302): owpElementor\Modules\Accordion\Widgets\Accordion->_register_controls()
#1 C:\MAMP\htdocs\MedIt\wp-content\plugins\elementor\includes\base\widget-base.php(1039): Elementor\Controls_Stack->init_controls()
#2 C:\MAMP\htdocs\MedIt\wp-content\plugins\elementor\includes\base\controls-stack.php(495): Elementor\Widget_Base->init_controls()
#3 C:\MAMP\htdocs\MedIt\wp-content\plugins\elementor\includes\base\widget-base.php(177): Elementor\Controls_Stack->get_stack()
#4 C:\MAMP\htdocs\MedIt\wp-content\plugins\elementor\includes\managers\widgets.php(374): Elementor\Widget_Base->get_stack(false)
#5 [internal function]: Elementor\Widgets_Manager->ajax_get_widget_types_controls_config(Array, Object(Elementor\Core\Common\Modules\Ajax\Module))
#6 C:\MAMP\htdocs\ in C:\MAMP\htdocs\MedIt\wp-content\plugins\ocean-elementor-widgets\modules\accordion\widgets\accordion.php on line 244
[24-Aug-2023 16:25:43 UTC] PHP Notice:  Array to string conversion in C:\MAMP\htdocs\MedIt\wp-content\themes\oceanwp-child-theme-master\header.php on line 66
[24-Aug-2023 16:25:43 UTC] PHP Notice:  ob_end_flush(): failed to send buffer of zlib output compression (1) in C:\MAMP\htdocs\MedIt\wp-includes\functions.php on line 5349
[24-Aug-2023 16:25:43 UTC] PHP Notice:  ob_end_flush(): failed to send buffer of zlib output compression (1) in C:\MAMP\htdocs\MedIt\wp-includes\functions.php on line 5349
[24-Aug-2023 16:25:47 UTC] PHP Notice:  ob_end_flush(): failed to send buffer of zlib output compression (1) in C:\MAMP\htdocs\MedIt\wp-includes\functions.php on line 5349
[24-Aug-2023 16:25:47 UTC] PHP Notice:  ob_end_flush(): failed to send buffer of zlib output compression (1) in C:\MAMP\htdocs\MedIt\wp-includes\functions.php on line 5349
[24-Aug-2023 16:25:54 UTC] PHP Notice:  ob_end_flush(): failed to send buffer of zlib output compression (1) in C:\MAMP\htdocs\MedIt\wp-includes\functions.php on line 5349
[24-Aug-2023 16:25:54 UTC] PHP Notice:  ob_end_flush(): failed to send buffer of zlib output compression (1) in C:\MAMP\htdocs\MedIt\wp-includes\functions.php on line 5349
[24-Aug-2023 16:26:14 UTC] PHP Notice:  ob_end_flush(): failed to send buffer of zlib output compression (1) in C:\MAMP\htdocs\MedIt\wp-includes\functions.php on line 5349
[24-Aug-2023 16:26:14 UTC] PHP Notice:  ob_end_flush(): failed to send buffer of zlib output compression (1) in C:\MAMP\htdocs\MedIt\wp-includes\functions.php on line 5349
[24-Aug-2023 16:26:24 UTC] PHP Notice:  ob_end_flush(): failed to send buffer of zlib output compression (1) in C:\MAMP\htdocs\MedIt\wp-includes\functions.php on line 5349
[24-Aug-2023 16:26:24 UTC] PHP Notice:  ob_end_flush(): failed to send buffer of zlib output compression (1) in C:\MAMP\htdocs\MedIt\wp-includes\functions.php on line 5349
[24-Aug-2023 16:26:44 UTC] PHP Notice:  ob_end_flush(): failed to send buffer of zlib output compression (1) in C:\MAMP\htdocs\MedIt\wp-includes\functions.php on line 5349
[24-Aug-2023 16:26:44 UTC] PHP Notice:  ob_end_flush(): failed to send buffer of zlib output compression (1) in C:\MAMP\htdocs\MedIt\wp-includes\functions.php on line 5349
[24-Aug-2023 16:26:57 UTC] PHP Notice:  ob_end_flush(): failed to send buffer of zlib output compression (1) in C:\MAMP\htdocs\MedIt\wp-includes\functions.php on line 5349
[24-Aug-2023 16:26:57 UTC] PHP Notice:  ob_end_flush(): failed to send buffer of zlib output compression (1) in C:\MAMP\htdocs\MedIt\wp-includes\functions.php on line 5349
[24-Aug-2023 16:27:01 UTC] PHP Notice:  Array to string conversion in C:\MAMP\htdocs\MedIt\wp-content\themes\oceanwp-child-theme-master\header.php on line 66
[24-Aug-2023 16:27:01 UTC] PHP Notice:  ob_end_flush(): failed to send buffer of zlib output compression (1) in C:\MAMP\htdocs\MedIt\wp-includes\functions.php on line 5349
[24-Aug-2023 16:27:01 UTC] PHP Notice:  ob_end_flush(): failed to send buffer of zlib output compression (1) in C:\MAMP\htdocs\MedIt\wp-includes\functions.php on line 5349
[24-Aug-2023 16:27:05 UTC] PHP Notice:  ob_end_flush(): failed to send buffer of zlib output compression (1) in C:\MAMP\htdocs\MedIt\wp-includes\functions.php on line 5349
[24-Aug-2023 16:27:05 UTC] PHP Notice:  ob_end_flush(): failed to send buffer of zlib output compression (1) in C:\MAMP\htdocs\MedIt\wp-includes\functions.php on line 5349
[24-Aug-2023 16:27:07 UTC] PHP Notice:  Array to string conversion in C:\MAMP\htdocs\MedIt\wp-content\themes\oceanwp-child-theme-master\header.php on line 66
[24-Aug-2023 16:27:07 UTC] PHP Notice:  ob_end_flush(): failed to send buffer of zlib output compression (1) in C:\MAMP\htdocs\MedIt\wp-includes\functions.php on line 5349
[24-Aug-2023 16:27:07 UTC] PHP Notice:  ob_end_flush(): failed to send buffer of zlib output compression (1) in C:\MAMP\htdocs\MedIt\wp-includes\functions.php on line 5349
[24-Aug-2023 16:27:07 UTC] PHP Notice:  Undefined index: file in C:\MAMP\htdocs\MedIt\wp-content\plugins\query-monitor\collectors\php_errors.php on line 380
[24-Aug-2023 16:27:07 UTC] PHP Notice:  Undefined index: line in C:\MAMP\htdocs\MedIt\wp-content\plugins\query-monitor\collectors\php_errors.php on line 380
[24-Aug-2023 16:27:07 UTC] PHP Fatal error:  Uncaught Error: Class 'Scheme_Typography' not found in C:\MAMP\htdocs\MedIt\wp-content\plugins\ocean-elementor-widgets\modules\accordion\widgets\accordion.php:244
Stack trace:
#0 C:\MAMP\htdocs\MedIt\wp-content\plugins\elementor\includes\base\controls-stack.php(2302): owpElementor\Modules\Accordion\Widgets\Accordion->_register_controls()
#1 C:\MAMP\htdocs\MedIt\wp-content\plugins\elementor\includes\base\widget-base.php(1039): Elementor\Controls_Stack->init_controls()
#2 C:\MAMP\htdocs\MedIt\wp-content\plugins\elementor\includes\base\controls-stack.php(495): Elementor\Widget_Base->init_controls()
#3 C:\MAMP\htdocs\MedIt\wp-content\plugins\elementor\includes\base\widget-base.php(177): Elementor\Controls_Stack->get_stack()
#4 C:\MAMP\htdocs\MedIt\wp-content\plugins\elementor\includes\managers\widgets.php(374): Elementor\Widget_Base->get_stack(false)
#5 [internal function]: Elementor\Widgets_Manager->ajax_get_widget_types_controls_config(Array, Object(Elementor\Core\Common\Modules\Ajax\Module))
#6 C:\MAMP\htdocs\ in C:\MAMP\htdocs\MedIt\wp-content\plugins\ocean-elementor-widgets\modules\accordion\widgets\accordion.php on line 244
[24-Aug-2023 16:27:23 UTC] PHP Notice:  Array to string conversion in C:\MAMP\htdocs\MedIt\wp-content\themes\oceanwp-child-theme-master\header.php on line 66
[24-Aug-2023 16:27:23 UTC] PHP Notice:  Array to string conversion in C:\MAMP\htdocs\MedIt\wp-content\themes\oceanwp-child-theme-master\header.php on line 66
[24-Aug-2023 16:27:23 UTC] PHP Notice:  ob_end_flush(): failed to send buffer of zlib output compression (1) in C:\MAMP\htdocs\MedIt\wp-includes\functions.php on line 5349
[24-Aug-2023 16:27:23 UTC] PHP Notice:  ob_end_flush(): failed to send buffer of zlib output compression (1) in C:\MAMP\htdocs\MedIt\wp-includes\functions.php on line 5349
[24-Aug-2023 16:27:23 UTC] PHP Notice:  ob_end_flush(): failed to send buffer of zlib output compression (1) in C:\MAMP\htdocs\MedIt\wp-includes\functions.php on line 5349
[24-Aug-2023 16:27:23 UTC] PHP Notice:  ob_end_flush(): failed to send buffer of zlib output compression (1) in C:\MAMP\htdocs\MedIt\wp-includes\functions.php on line 5349
[24-Aug-2023 16:27:45 UTC] PHP Notice:  Array to string conversion in C:\MAMP\htdocs\MedIt\wp-content\themes\oceanwp-child-theme-master\header.php on line 66
[24-Aug-2023 16:27:45 UTC] PHP Notice:  ob_end_flush(): failed to send buffer of zlib output compression (1) in C:\MAMP\htdocs\MedIt\wp-includes\functions.php on line 5349
[24-Aug-2023 16:27:45 UTC] PHP Notice:  ob_end_flush(): failed to send buffer of zlib output compression (1) in C:\MAMP\htdocs\MedIt\wp-includes\functions.php on line 5349
[24-Aug-2023 16:27:48 UTC] PHP Notice:  ob_end_flush(): failed to send buffer of zlib output compression (1) in C:\MAMP\htdocs\MedIt\wp-includes\functions.php on line 5349
[24-Aug-2023 16:27:48 UTC] PHP Notice:  ob_end_flush(): failed to send buffer of zlib output compression (1) in C:\MAMP\htdocs\MedIt\wp-includes\functions.php on line 5349
[24-Aug-2023 16:27:56 UTC] PHP Notice:  ob_end_flush(): failed to send buffer of zlib output compression (1) in C:\MAMP\htdocs\MedIt\wp-includes\functions.php on line 5349
[24-Aug-2023 16:27:56 UTC] PHP Notice:  ob_end_flush(): failed to send buffer of zlib output compression (1) in C:\MAMP\htdocs\MedIt\wp-includes\functions.php on line 5349
[24-Aug-2023 16:29:21 UTC] PHP Fatal error:  Uncaught TypeError: Argument 2 passed to QM_Hook::process() must be of the type string, array given, called in C:\MAMP\htdocs\MedIt\wp-content\plugins\query-monitor\collectors\hooks.php on line 54 and defined in C:\MAMP\htdocs\MedIt\wp-content\plugins\query-monitor\classes\Hook.php:29
Stack trace:
#0 C:\MAMP\htdocs\MedIt\wp-content\plugins\query-monitor\collectors\hooks.php(54): QM_Hook::process('muplugins_loade...', Array, true, false)
#1 C:\MAMP\htdocs\MedIt\wp-content\plugins\query-monitor\classes\Collectors.php(86): QM_Collector_Hooks->process()
#2 C:\MAMP\htdocs\MedIt\wp-content\plugins\query-monitor\classes\Dispatcher.php(108): QM_Collectors->process()
#3 C:\MAMP\htdocs\MedIt\wp-content\plugins\query-monitor\dispatchers\AJAX.php(53): QM_Dispatcher->get_outputters('headers')
#4 C:\MAMP\htdocs\MedIt\wp-includes\class-wp-hook.php(310): QM_Dispatcher_AJAX->dispatch('')
#5 C:\MAMP\htdocs\MedIt\wp-includes\class-wp-hook.php(334): WP_Hook->apply_filters(NULL, Array)
#6 C:\MAMP\htdocs\MedIt\wp-includes\plugin.p in C:\MAMP\htdocs\MedIt\wp-content\plugins\query-monitor\classes\Hook.php on line 29
[24-Aug-2023 16:29:39 UTC] PHP Notice:  ob_end_flush(): failed to send buffer of zlib output compression (1) in C:\MAMP\htdocs\MedIt\wp-includes\functions.php on line 5349
[24-Aug-2023 16:29:39 UTC] PHP Notice:  ob_end_flush(): failed to send buffer of zlib output compression (1) in C:\MAMP\htdocs\MedIt\wp-includes\functions.php on line 5349
[24-Aug-2023 16:30:03 UTC] PHP Notice:  Array to string conversion in C:\MAMP\htdocs\MedIt\wp-content\themes\oceanwp-child-theme-master\header.php on line 66
[24-Aug-2023 16:30:03 UTC] PHP Notice:  ob_end_flush(): failed to send buffer of zlib output compression (1) in C:\MAMP\htdocs\MedIt\wp-includes\functions.php on line 5349
[24-Aug-2023 16:30:03 UTC] PHP Notice:  ob_end_flush(): failed to send buffer of zlib output compression (1) in C:\MAMP\htdocs\MedIt\wp-includes\functions.php on line 5349
[24-Aug-2023 16:30:08 UTC] PHP Notice:  ob_end_flush(): failed to send buffer of zlib output compression (1) in C:\MAMP\htdocs\MedIt\wp-includes\functions.php on line 5349
[24-Aug-2023 16:30:08 UTC] PHP Notice:  ob_end_flush(): failed to send buffer of zlib output compression (1) in C:\MAMP\htdocs\MedIt\wp-includes\functions.php on line 5349
[24-Aug-2023 16:30:09 UTC] PHP Notice:  Array to string conversion in C:\MAMP\htdocs\MedIt\wp-content\themes\oceanwp-child-theme-master\header.php on line 66
[24-Aug-2023 16:30:09 UTC] PHP Notice:  ob_end_flush(): failed to send buffer of zlib output compression (1) in C:\MAMP\htdocs\MedIt\wp-includes\functions.php on line 5349
[24-Aug-2023 16:30:09 UTC] PHP Notice:  ob_end_flush(): failed to send buffer of zlib output compression (1) in C:\MAMP\htdocs\MedIt\wp-includes\functions.php on line 5349
[24-Aug-2023 16:31:47 UTC] PHP Notice:  Array to string conversion in C:\MAMP\htdocs\MedIt\wp-content\themes\oceanwp-child-theme-master\header.php on line 66
[24-Aug-2023 16:31:47 UTC] PHP Notice:  ob_end_flush(): failed to send buffer of zlib output compression (1) in C:\MAMP\htdocs\MedIt\wp-includes\functions.php on line 5349
[24-Aug-2023 16:31:47 UTC] PHP Notice:  ob_end_flush(): failed to send buffer of zlib output compression (1) in C:\MAMP\htdocs\MedIt\wp-includes\functions.php on line 5349
[24-Aug-2023 16:33:55 UTC] PHP Notice:  Array to string conversion in C:\MAMP\htdocs\MedIt\wp-content\themes\oceanwp-child-theme-master\header.php on line 66
[24-Aug-2023 16:33:55 UTC] PHP Notice:  ob_end_flush(): failed to send buffer of zlib output compression (1) in C:\MAMP\htdocs\MedIt\wp-includes\functions.php on line 5349
[24-Aug-2023 16:33:55 UTC] PHP Notice:  ob_end_flush(): failed to send buffer of zlib output compression (1) in C:\MAMP\htdocs\MedIt\wp-includes\functions.php on line 5349
[24-Aug-2023 16:34:52 UTC] PHP Notice:  ob_end_flush(): failed to send buffer of zlib output compression (1) in C:\MAMP\htdocs\MedIt\wp-includes\functions.php on line 5349
[24-Aug-2023 16:34:52 UTC] PHP Notice:  ob_end_flush(): failed to send buffer of zlib output compression (1) in C:\MAMP\htdocs\MedIt\wp-includes\functions.php on line 5349
[24-Aug-2023 16:34:57 UTC] PHP Notice:  ob_end_flush(): failed to send buffer of zlib output compression (1) in C:\MAMP\htdocs\MedIt\wp-includes\functions.php on line 5349
[24-Aug-2023 16:34:57 UTC] PHP Notice:  ob_end_flush(): failed to send buffer of zlib output compression (1) in C:\MAMP\htdocs\MedIt\wp-includes\functions.php on line 5349
[24-Aug-2023 16:35:01 UTC] PHP Notice:  Array to string conversion in C:\MAMP\htdocs\MedIt\wp-content\themes\oceanwp-child-theme-master\header.php on line 66
[24-Aug-2023 16:35:02 UTC] PHP Notice:  ob_end_flush(): failed to send buffer of zlib output compression (1) in C:\MAMP\htdocs\MedIt\wp-includes\functions.php on line 5349
[24-Aug-2023 16:35:02 UTC] PHP Notice:  ob_end_flush(): failed to send buffer of zlib output compression (1) in C:\MAMP\htdocs\MedIt\wp-includes\functions.php on line 5349
[24-Aug-2023 16:35:14 UTC] PHP Notice:  ob_end_flush(): failed to send buffer of zlib output compression (1) in C:\MAMP\htdocs\MedIt\wp-includes\functions.php on line 5349
[24-Aug-2023 16:35:14 UTC] PHP Notice:  ob_end_flush(): failed to send buffer of zlib output compression (1) in C:\MAMP\htdocs\MedIt\wp-includes\functions.php on line 5349
[24-Aug-2023 16:37:07 UTC] PHP Notice:  Array to string conversion in C:\MAMP\htdocs\MedIt\wp-content\themes\oceanwp-child-theme-master\header.php on line 66
[24-Aug-2023 16:37:07 UTC] PHP Notice:  ob_end_flush(): failed to send buffer of zlib output compression (1) in C:\MAMP\htdocs\MedIt\wp-includes\functions.php on line 5349
[24-Aug-2023 16:37:07 UTC] PHP Notice:  ob_end_flush(): failed to send buffer of zlib output compression (1) in C:\MAMP\htdocs\MedIt\wp-includes\functions.php on line 5349
[24-Aug-2023 16:38:48 UTC] PHP Notice:  ob_end_flush(): failed to send buffer of zlib output compression (1) in C:\MAMP\htdocs\MedIt\wp-includes\functions.php on line 5349
[24-Aug-2023 16:38:48 UTC] PHP Notice:  ob_end_flush(): failed to send buffer of zlib output compression (1) in C:\MAMP\htdocs\MedIt\wp-includes\functions.php on line 5349
[24-Aug-2023 16:38:56 UTC] PHP Notice:  ob_end_flush(): failed to send buffer of zlib output compression (1) in C:\MAMP\htdocs\MedIt\wp-includes\functions.php on line 5349
[24-Aug-2023 16:38:56 UTC] PHP Notice:  ob_end_flush(): failed to send buffer of zlib output compression (1) in C:\MAMP\htdocs\MedIt\wp-includes\functions.php on line 5349
[24-Aug-2023 16:39:26 UTC] PHP Notice:  ob_end_flush(): failed to send buffer of zlib output compression (1) in C:\MAMP\htdocs\MedIt\wp-includes\functions.php on line 5349
[24-Aug-2023 16:39:26 UTC] PHP Notice:  ob_end_flush(): failed to send buffer of zlib output compression (1) in C:\MAMP\htdocs\MedIt\wp-includes\functions.php on line 5349
[28-Aug-2023 12:30:30 UTC] PHP Notice:  Array to string conversion in C:\MAMP\htdocs\MedIt\wp-content\themes\oceanwp-child-theme-master\header.php on line 66
[28-Aug-2023 12:30:31 UTC] PHP Notice:  ob_end_flush(): failed to send buffer of zlib output compression (1) in C:\MAMP\htdocs\MedIt\wp-includes\functions.php on line 5349
[28-Aug-2023 12:30:31 UTC] PHP Notice:  ob_end_flush(): failed to send buffer of zlib output compression (1) in C:\MAMP\htdocs\MedIt\wp-includes\functions.php on line 5349
[28-Aug-2023 12:30:56 UTC] PHP Fatal error:  Maximum execution time of 30 seconds exceeded in C:\MAMP\htdocs\MedIt\wp-includes\Requests\src\Transport\Curl.php on line 205
[28-Aug-2023 12:33:05 UTC] PHP Notice:  Array to string conversion in C:\MAMP\htdocs\MedIt\wp-content\themes\oceanwp-child-theme-master\header.php on line 66
[28-Aug-2023 12:33:06 UTC] PHP Notice:  ob_end_flush(): failed to send buffer of zlib output compression (1) in C:\MAMP\htdocs\MedIt\wp-includes\functions.php on line 5349
[28-Aug-2023 12:33:06 UTC] PHP Notice:  ob_end_flush(): failed to send buffer of zlib output compression (1) in C:\MAMP\htdocs\MedIt\wp-includes\functions.php on line 5349
[28-Aug-2023 12:35:17 UTC] PHP Notice:  Array to string conversion in C:\MAMP\htdocs\MedIt\wp-content\themes\oceanwp-child-theme-master\header.php on line 66
[28-Aug-2023 12:35:18 UTC] PHP Notice:  ob_end_flush(): failed to send buffer of zlib output compression (1) in C:\MAMP\htdocs\MedIt\wp-includes\functions.php on line 5349
[28-Aug-2023 12:35:18 UTC] PHP Notice:  ob_end_flush(): failed to send buffer of zlib output compression (1) in C:\MAMP\htdocs\MedIt\wp-includes\functions.php on line 5349
[28-Aug-2023 12:35:39 UTC] PHP Notice:  Array to string conversion in C:\MAMP\htdocs\MedIt\wp-content\themes\oceanwp-child-theme-master\header.php on line 66
[28-Aug-2023 12:35:40 UTC] PHP Notice:  ob_end_flush(): failed to send buffer of zlib output compression (1) in C:\MAMP\htdocs\MedIt\wp-includes\functions.php on line 5349
[28-Aug-2023 12:35:40 UTC] PHP Notice:  ob_end_flush(): failed to send buffer of zlib output compression (1) in C:\MAMP\htdocs\MedIt\wp-includes\functions.php on line 5349
[28-Aug-2023 12:37:24 UTC] PHP Notice:  ob_end_flush(): failed to send buffer of zlib output compression (1) in C:\MAMP\htdocs\MedIt\wp-includes\functions.php on line 5349
[28-Aug-2023 12:37:24 UTC] PHP Notice:  ob_end_flush(): failed to send buffer of zlib output compression (1) in C:\MAMP\htdocs\MedIt\wp-includes\functions.php on line 5349
[28-Aug-2023 12:37:30 UTC] PHP Notice:  ob_end_flush(): failed to send buffer of zlib output compression (1) in C:\MAMP\htdocs\MedIt\wp-includes\functions.php on line 5349
[28-Aug-2023 12:37:30 UTC] PHP Notice:  ob_end_flush(): failed to send buffer of zlib output compression (1) in C:\MAMP\htdocs\MedIt\wp-includes\functions.php on line 5349
[28-Aug-2023 12:37:52 UTC] PHP Notice:  ob_end_flush(): failed to send buffer of zlib output compression (1) in C:\MAMP\htdocs\MedIt\wp-includes\functions.php on line 5349
[28-Aug-2023 12:37:52 UTC] PHP Notice:  ob_end_flush(): failed to send buffer of zlib output compression (1) in C:\MAMP\htdocs\MedIt\wp-includes\functions.php on line 5349
[28-Aug-2023 12:38:04 UTC] PHP Notice:  ob_end_flush(): failed to send buffer of zlib output compression (1) in C:\MAMP\htdocs\MedIt\wp-includes\functions.php on line 5349
[28-Aug-2023 12:38:04 UTC] PHP Notice:  ob_end_flush(): failed to send buffer of zlib output compression (1) in C:\MAMP\htdocs\MedIt\wp-includes\functions.php on line 5349
[28-Aug-2023 12:38:12 UTC] PHP Notice:  ob_end_flush(): failed to send buffer of zlib output compression (1) in C:\MAMP\htdocs\MedIt\wp-includes\functions.php on line 5349
[28-Aug-2023 12:38:12 UTC] PHP Notice:  ob_end_flush(): failed to send buffer of zlib output compression (1) in C:\MAMP\htdocs\MedIt\wp-includes\functions.php on line 5349
[28-Aug-2023 12:38:27 UTC] PHP Notice:  Array to string conversion in C:\MAMP\htdocs\MedIt\wp-content\themes\oceanwp-child-theme-master\header.php on line 66
[28-Aug-2023 12:38:28 UTC] PHP Notice:  ob_end_flush(): failed to send buffer of zlib output compression (1) in C:\MAMP\htdocs\MedIt\wp-includes\functions.php on line 5349
[28-Aug-2023 12:38:28 UTC] PHP Notice:  ob_end_flush(): failed to send buffer of zlib output compression (1) in C:\MAMP\htdocs\MedIt\wp-includes\functions.php on line 5349
[28-Aug-2023 12:40:36 UTC] PHP Notice:  ob_end_flush(): failed to send buffer of zlib output compression (1) in C:\MAMP\htdocs\MedIt\wp-includes\functions.php on line 5349
[28-Aug-2023 12:40:36 UTC] PHP Notice:  ob_end_flush(): failed to send buffer of zlib output compression (1) in C:\MAMP\htdocs\MedIt\wp-includes\functions.php on line 5349
[28-Aug-2023 12:40:44 UTC] PHP Notice:  ob_end_flush(): failed to send buffer of zlib output compression (1) in C:\MAMP\htdocs\MedIt\wp-includes\functions.php on line 5349
[28-Aug-2023 12:40:44 UTC] PHP Notice:  ob_end_flush(): failed to send buffer of zlib output compression (1) in C:\MAMP\htdocs\MedIt\wp-includes\functions.php on line 5349
[28-Aug-2023 12:41:22 UTC] PHP Notice:  ob_end_flush(): failed to send buffer of zlib output compression (1) in C:\MAMP\htdocs\MedIt\wp-includes\functions.php on line 5349
[28-Aug-2023 12:41:22 UTC] PHP Notice:  ob_end_flush(): failed to send buffer of zlib output compression (1) in C:\MAMP\htdocs\MedIt\wp-includes\functions.php on line 5349
[28-Aug-2023 12:42:20 UTC] PHP Notice:  Array to string conversion in C:\MAMP\htdocs\MedIt\wp-content\themes\oceanwp-child-theme-master\header.php on line 66
[28-Aug-2023 12:42:21 UTC] PHP Notice:  ob_end_flush(): failed to send buffer of zlib output compression (1) in C:\MAMP\htdocs\MedIt\wp-includes\functions.php on line 5349
[28-Aug-2023 12:42:21 UTC] PHP Notice:  ob_end_flush(): failed to send buffer of zlib output compression (1) in C:\MAMP\htdocs\MedIt\wp-includes\functions.php on line 5349
[28-Aug-2023 12:47:49 UTC] PHP Notice:  ob_end_flush(): failed to send buffer of zlib output compression (1) in C:\MAMP\htdocs\MedIt\wp-includes\functions.php on line 5349
[28-Aug-2023 12:47:49 UTC] PHP Notice:  ob_end_flush(): failed to send buffer of zlib output compression (1) in C:\MAMP\htdocs\MedIt\wp-includes\functions.php on line 5349
[28-Aug-2023 12:47:55 UTC] PHP Notice:  ob_end_flush(): failed to send buffer of zlib output compression (1) in C:\MAMP\htdocs\MedIt\wp-includes\functions.php on line 5349
[28-Aug-2023 12:47:55 UTC] PHP Notice:  ob_end_flush(): failed to send buffer of zlib output compression (1) in C:\MAMP\htdocs\MedIt\wp-includes\functions.php on line 5349
[28-Aug-2023 12:49:35 UTC] PHP Notice:  Array to string conversion in C:\MAMP\htdocs\MedIt\wp-content\themes\oceanwp-child-theme-master\header.php on line 66
[28-Aug-2023 12:49:36 UTC] PHP Notice:  ob_end_flush(): failed to send buffer of zlib output compression (1) in C:\MAMP\htdocs\MedIt\wp-includes\functions.php on line 5349
[28-Aug-2023 12:49:36 UTC] PHP Notice:  ob_end_flush(): failed to send buffer of zlib output compression (1) in C:\MAMP\htdocs\MedIt\wp-includes\functions.php on line 5349
[28-Aug-2023 12:49:40 UTC] PHP Notice:  Array to string conversion in C:\MAMP\htdocs\MedIt\wp-content\themes\oceanwp-child-theme-master\header.php on line 66
[28-Aug-2023 12:49:41 UTC] PHP Notice:  ob_end_flush(): failed to send buffer of zlib output compression (1) in C:\MAMP\htdocs\MedIt\wp-includes\functions.php on line 5349
[28-Aug-2023 12:49:41 UTC] PHP Notice:  ob_end_flush(): failed to send buffer of zlib output compression (1) in C:\MAMP\htdocs\MedIt\wp-includes\functions.php on line 5349
[28-Aug-2023 12:51:22 UTC] PHP Notice:  ob_end_flush(): failed to send buffer of zlib output compression (1) in C:\MAMP\htdocs\MedIt\wp-includes\functions.php on line 5349
[28-Aug-2023 12:51:22 UTC] PHP Notice:  ob_end_flush(): failed to send buffer of zlib output compression (1) in C:\MAMP\htdocs\MedIt\wp-includes\functions.php on line 5349
[28-Aug-2023 12:51:27 UTC] PHP Notice:  Array to string conversion in C:\MAMP\htdocs\MedIt\wp-content\themes\oceanwp-child-theme-master\header.php on line 66
[28-Aug-2023 12:51:27 UTC] PHP Notice:  ob_end_flush(): failed to send buffer of zlib output compression (1) in C:\MAMP\htdocs\MedIt\wp-includes\functions.php on line 5349
[28-Aug-2023 12:51:27 UTC] PHP Notice:  ob_end_flush(): failed to send buffer of zlib output compression (1) in C:\MAMP\htdocs\MedIt\wp-includes\functions.php on line 5349
[28-Aug-2023 12:52:15 UTC] PHP Notice:  Array to string conversion in C:\MAMP\htdocs\MedIt\wp-content\themes\oceanwp-child-theme-master\header.php on line 66
[28-Aug-2023 12:52:16 UTC] PHP Notice:  ob_end_flush(): failed to send buffer of zlib output compression (1) in C:\MAMP\htdocs\MedIt\wp-includes\functions.php on line 5349
[28-Aug-2023 12:52:16 UTC] PHP Notice:  ob_end_flush(): failed to send buffer of zlib output compression (1) in C:\MAMP\htdocs\MedIt\wp-includes\functions.php on line 5349
[28-Aug-2023 12:55:09 UTC] PHP Notice:  Array to string conversion in C:\MAMP\htdocs\MedIt\wp-content\themes\oceanwp-child-theme-master\header.php on line 66
[28-Aug-2023 12:55:10 UTC] PHP Notice:  ob_end_flush(): failed to send buffer of zlib output compression (1) in C:\MAMP\htdocs\MedIt\wp-includes\functions.php on line 5349
[28-Aug-2023 12:55:10 UTC] PHP Notice:  ob_end_flush(): failed to send buffer of zlib output compression (1) in C:\MAMP\htdocs\MedIt\wp-includes\functions.php on line 5349
[28-Aug-2023 13:15:47 UTC] PHP Notice:  ob_end_flush(): failed to send buffer of zlib output compression (1) in C:\MAMP\htdocs\MedIt\wp-includes\functions.php on line 5349
[28-Aug-2023 13:15:47 UTC] PHP Notice:  ob_end_flush(): failed to send buffer of zlib output compression (1) in C:\MAMP\htdocs\MedIt\wp-includes\functions.php on line 5349
[28-Aug-2023 13:15:57 UTC] PHP Notice:  ob_end_flush(): failed to send buffer of zlib output compression (1) in C:\MAMP\htdocs\MedIt\wp-includes\functions.php on line 5349
[28-Aug-2023 13:15:57 UTC] PHP Notice:  ob_end_flush(): failed to send buffer of zlib output compression (1) in C:\MAMP\htdocs\MedIt\wp-includes\functions.php on line 5349
[28-Aug-2023 13:16:13 UTC] PHP Notice:  ob_end_flush(): failed to send buffer of zlib output compression (1) in C:\MAMP\htdocs\MedIt\wp-includes\functions.php on line 5349
[28-Aug-2023 13:16:13 UTC] PHP Notice:  ob_end_flush(): failed to send buffer of zlib output compression (1) in C:\MAMP\htdocs\MedIt\wp-includes\functions.php on line 5349
[28-Aug-2023 13:17:27 UTC] PHP Fatal error:  Uncaught Error: Function name must be a string in C:\MAMP\htdocs\MedIt\wp-content\themes\oceanwp-child-theme-master\header.php:66
Stack trace:
#0 C:\MAMP\htdocs\MedIt\wp-includes\template.php(785): require_once()
#1 C:\MAMP\htdocs\MedIt\wp-includes\template.php(720): load_template('C:\\MAMP\\htdocs\\...', true, Array)
#2 C:\MAMP\htdocs\MedIt\wp-includes\general-template.php(48): locate_template(Array, true, true, Array)
#3 C:\MAMP\htdocs\MedIt\wp-content\themes\oceanwp\page.php(12): get_header()
#4 C:\MAMP\htdocs\MedIt\wp-includes\template-loader.php(106): include('C:\\MAMP\\htdocs\\...')
#5 C:\MAMP\htdocs\MedIt\wp-blog-header.php(19): require_once('C:\\MAMP\\htdocs\\...')
#6 C:\MAMP\htdocs\MedIt\index.php(17): require('C:\\MAMP\\htdocs\\...')
#7 {main}
  thrown in C:\MAMP\htdocs\MedIt\wp-content\themes\oceanwp-child-theme-master\header.php on line 66
[28-Aug-2023 13:17:27 UTC] PHP Notice:  ob_end_flush(): failed to send buffer of zlib output compression (1) in C:\MAMP\htdocs\MedIt\wp-includes\functions.php on line 5349
[28-Aug-2023 13:17:27 UTC] PHP Notice:  ob_end_flush(): failed to send buffer of zlib output compression (1) in C:\MAMP\htdocs\MedIt\wp-includes\functions.php on line 5349
[28-Aug-2023 13:18:00 UTC] PHP Notice:  ob_end_flush(): failed to send buffer of zlib output compression (1) in C:\MAMP\htdocs\MedIt\wp-includes\functions.php on line 5349
[28-Aug-2023 13:18:00 UTC] PHP Notice:  ob_end_flush(): failed to send buffer of zlib output compression (1) in C:\MAMP\htdocs\MedIt\wp-includes\functions.php on line 5349
[28-Aug-2023 13:18:05 UTC] PHP Notice:  ob_end_flush(): failed to send buffer of zlib output compression (1) in C:\MAMP\htdocs\MedIt\wp-includes\functions.php on line 5349
[28-Aug-2023 13:18:06 UTC] PHP Notice:  ob_end_flush(): failed to send buffer of zlib output compression (1) in C:\MAMP\htdocs\MedIt\wp-includes\functions.php on line 5349
[28-Aug-2023 13:18:27 UTC] PHP Notice:  ob_end_flush(): failed to send buffer of zlib output compression (1) in C:\MAMP\htdocs\MedIt\wp-includes\functions.php on line 5349
[28-Aug-2023 13:18:27 UTC] PHP Notice:  ob_end_flush(): failed to send buffer of zlib output compression (1) in C:\MAMP\htdocs\MedIt\wp-includes\functions.php on line 5349
[28-Aug-2023 13:18:30 UTC] PHP Notice:  ob_end_flush(): failed to send buffer of zlib output compression (1) in C:\MAMP\htdocs\MedIt\wp-includes\functions.php on line 5349
[28-Aug-2023 13:18:30 UTC] PHP Notice:  ob_end_flush(): failed to send buffer of zlib output compression (1) in C:\MAMP\htdocs\MedIt\wp-includes\functions.php on line 5349
[28-Aug-2023 13:18:32 UTC] PHP Notice:  ob_end_flush(): failed to send buffer of zlib output compression (1) in C:\MAMP\htdocs\MedIt\wp-includes\functions.php on line 5349
[28-Aug-2023 13:18:32 UTC] PHP Notice:  ob_end_flush(): failed to send buffer of zlib output compression (1) in C:\MAMP\htdocs\MedIt\wp-includes\functions.php on line 5349
[28-Aug-2023 13:21:41 UTC] PHP Notice:  Undefined offset: 0 in C:\MAMP\htdocs\MedIt\wp-content\themes\oceanwp-child-theme-master\header.php on line 68
[28-Aug-2023 13:21:42 UTC] PHP Notice:  ob_end_flush(): failed to send buffer of zlib output compression (1) in C:\MAMP\htdocs\MedIt\wp-includes\functions.php on line 5349
[28-Aug-2023 13:21:42 UTC] PHP Notice:  ob_end_flush(): failed to send buffer of zlib output compression (1) in C:\MAMP\htdocs\MedIt\wp-includes\functions.php on line 5349
[28-Aug-2023 13:21:51 UTC] PHP Notice:  Undefined offset: 0 in C:\MAMP\htdocs\MedIt\wp-content\themes\oceanwp-child-theme-master\header.php on line 68
[28-Aug-2023 13:21:51 UTC] PHP Notice:  ob_end_flush(): failed to send buffer of zlib output compression (1) in C:\MAMP\htdocs\MedIt\wp-includes\functions.php on line 5349
[28-Aug-2023 13:21:51 UTC] PHP Notice:  ob_end_flush(): failed to send buffer of zlib output compression (1) in C:\MAMP\htdocs\MedIt\wp-includes\functions.php on line 5349
[28-Aug-2023 13:22:07 UTC] PHP Notice:  Undefined offset: 1 in C:\MAMP\htdocs\MedIt\wp-content\themes\oceanwp-child-theme-master\header.php on line 68
[28-Aug-2023 13:22:08 UTC] PHP Notice:  ob_end_flush(): failed to send buffer of zlib output compression (1) in C:\MAMP\htdocs\MedIt\wp-includes\functions.php on line 5349
[28-Aug-2023 13:22:08 UTC] PHP Notice:  ob_end_flush(): failed to send buffer of zlib output compression (1) in C:\MAMP\htdocs\MedIt\wp-includes\functions.php on line 5349
[28-Aug-2023 13:22:48 UTC] PHP Notice:  Array to string conversion in C:\MAMP\htdocs\MedIt\wp-content\themes\oceanwp-child-theme-master\header.php on line 66
[28-Aug-2023 13:22:49 UTC] PHP Notice:  ob_end_flush(): failed to send buffer of zlib output compression (1) in C:\MAMP\htdocs\MedIt\wp-includes\functions.php on line 5349
[28-Aug-2023 13:22:49 UTC] PHP Notice:  ob_end_flush(): failed to send buffer of zlib output compression (1) in C:\MAMP\htdocs\MedIt\wp-includes\functions.php on line 5349
[28-Aug-2023 13:23:03 UTC] PHP Notice:  Array to string conversion in C:\MAMP\htdocs\MedIt\wp-content\themes\oceanwp-child-theme-master\header.php on line 66
[28-Aug-2023 13:23:04 UTC] PHP Notice:  ob_end_flush(): failed to send buffer of zlib output compression (1) in C:\MAMP\htdocs\MedIt\wp-includes\functions.php on line 5349
[28-Aug-2023 13:23:04 UTC] PHP Notice:  ob_end_flush(): failed to send buffer of zlib output compression (1) in C:\MAMP\htdocs\MedIt\wp-includes\functions.php on line 5349
[28-Aug-2023 13:24:53 UTC] PHP Notice:  ob_end_flush(): failed to send buffer of zlib output compression (1) in C:\MAMP\htdocs\MedIt\wp-includes\functions.php on line 5349
[28-Aug-2023 13:24:53 UTC] PHP Notice:  ob_end_flush(): failed to send buffer of zlib output compression (1) in C:\MAMP\htdocs\MedIt\wp-includes\functions.php on line 5349
[28-Aug-2023 13:24:59 UTC] PHP Notice:  ob_end_flush(): failed to send buffer of zlib output compression (1) in C:\MAMP\htdocs\MedIt\wp-includes\functions.php on line 5349
[28-Aug-2023 13:24:59 UTC] PHP Notice:  ob_end_flush(): failed to send buffer of zlib output compression (1) in C:\MAMP\htdocs\MedIt\wp-includes\functions.php on line 5349
[28-Aug-2023 13:25:09 UTC] PHP Notice:  ob_end_flush(): failed to send buffer of zlib output compression (1) in C:\MAMP\htdocs\MedIt\wp-includes\functions.php on line 5349
[28-Aug-2023 13:25:09 UTC] PHP Notice:  ob_end_flush(): failed to send buffer of zlib output compression (1) in C:\MAMP\htdocs\MedIt\wp-includes\functions.php on line 5349
[28-Aug-2023 13:25:55 UTC] PHP Notice:  ob_end_flush(): failed to send buffer of zlib output compression (1) in C:\MAMP\htdocs\MedIt\wp-includes\functions.php on line 5349
[28-Aug-2023 13:25:55 UTC] PHP Notice:  ob_end_flush(): failed to send buffer of zlib output compression (1) in C:\MAMP\htdocs\MedIt\wp-includes\functions.php on line 5349
[28-Aug-2023 13:26:24 UTC] PHP Notice:  ob_end_flush(): failed to send buffer of zlib output compression (1) in C:\MAMP\htdocs\MedIt\wp-includes\functions.php on line 5349
[28-Aug-2023 13:26:24 UTC] PHP Notice:  ob_end_flush(): failed to send buffer of zlib output compression (1) in C:\MAMP\htdocs\MedIt\wp-includes\functions.php on line 5349
[28-Aug-2023 13:49:50 UTC] PHP Notice:  ob_end_flush(): failed to send buffer of zlib output compression (1) in C:\MAMP\htdocs\MedIt\wp-includes\functions.php on line 5349
[28-Aug-2023 13:49:50 UTC] PHP Notice:  ob_end_flush(): failed to send buffer of zlib output compression (1) in C:\MAMP\htdocs\MedIt\wp-includes\functions.php on line 5349
[28-Aug-2023 14:00:24 UTC] PHP Notice:  ob_end_flush(): failed to send buffer of zlib output compression (1) in C:\MAMP\htdocs\MedIt\wp-includes\functions.php on line 5349
[28-Aug-2023 14:00:24 UTC] PHP Notice:  ob_end_flush(): failed to send buffer of zlib output compression (1) in C:\MAMP\htdocs\MedIt\wp-includes\functions.php on line 5349
[28-Aug-2023 14:12:31 UTC] PHP Notice:  ob_end_flush(): failed to send buffer of zlib output compression (1) in C:\MAMP\htdocs\MedIt\wp-includes\functions.php on line 5349
[28-Aug-2023 14:12:31 UTC] PHP Notice:  ob_end_flush(): failed to send buffer of zlib output compression (1) in C:\MAMP\htdocs\MedIt\wp-includes\functions.php on line 5349
[29-Aug-2023 14:04:21 UTC] PHP Notice:  ob_end_flush(): failed to send buffer of zlib output compression (1) in C:\MAMP\htdocs\MedIt\wp-includes\functions.php on line 5349
[29-Aug-2023 14:04:21 UTC] PHP Notice:  ob_end_flush(): failed to send buffer of zlib output compression (1) in C:\MAMP\htdocs\MedIt\wp-includes\functions.php on line 5349
[29-Aug-2023 14:04:27 UTC] PHP Notice:  ob_end_flush(): failed to send buffer of zlib output compression (1) in C:\MAMP\htdocs\MedIt\wp-includes\functions.php on line 5349
[29-Aug-2023 14:04:27 UTC] PHP Notice:  ob_end_flush(): failed to send buffer of zlib output compression (1) in C:\MAMP\htdocs\MedIt\wp-includes\functions.php on line 5349
[29-Aug-2023 14:04:36 UTC] PHP Notice:  ob_end_flush(): failed to send buffer of zlib output compression (1) in C:\MAMP\htdocs\MedIt\wp-includes\functions.php on line 5349
[29-Aug-2023 14:04:36 UTC] PHP Notice:  ob_end_flush(): failed to send buffer of zlib output compression (1) in C:\MAMP\htdocs\MedIt\wp-includes\functions.php on line 5349
[31-Aug-2023 16:11:36 UTC] PHP Notice:  ob_end_flush(): failed to send buffer of zlib output compression (1) in C:\MAMP\htdocs\MedIt\wp-includes\functions.php on line 5349
[31-Aug-2023 16:11:36 UTC] PHP Notice:  ob_end_flush(): failed to send buffer of zlib output compression (1) in C:\MAMP\htdocs\MedIt\wp-includes\functions.php on line 5349
[05-Sep-2023 11:53:52 UTC] PHP Notice:  ob_end_flush(): failed to send buffer of zlib output compression (1) in C:\MAMP\htdocs\MedIt\wp-includes\functions.php on line 5349
[05-Sep-2023 11:53:52 UTC] PHP Notice:  ob_end_flush(): failed to send buffer of zlib output compression (1) in C:\MAMP\htdocs\MedIt\wp-includes\functions.php on line 5349
[05-Sep-2023 11:54:10 UTC] PHP Notice:  ob_end_flush(): failed to send buffer of zlib output compression (1) in C:\MAMP\htdocs\MedIt\wp-includes\functions.php on line 5349
[05-Sep-2023 11:54:10 UTC] PHP Notice:  ob_end_flush(): failed to send buffer of zlib output compression (1) in C:\MAMP\htdocs\MedIt\wp-includes\functions.php on line 5349
[05-Sep-2023 11:54:16 UTC] PHP Fatal error:  Maximum execution time of 30 seconds exceeded in C:\MAMP\htdocs\MedIt\wp-includes\Requests\src\Transport\Curl.php on line 510
[06-Sep-2023 13:18:26 UTC] PHP Notice:  ob_end_flush(): failed to send buffer of zlib output compression (1) in C:\MAMP\htdocs\MedIt\wp-includes\functions.php on line 5349
[06-Sep-2023 13:18:26 UTC] PHP Notice:  ob_end_flush(): failed to send buffer of zlib output compression (1) in C:\MAMP\htdocs\MedIt\wp-includes\functions.php on line 5349
[06-Sep-2023 13:18:37 UTC] PHP Notice:  ob_end_flush(): failed to send buffer of zlib output compression (1) in C:\MAMP\htdocs\MedIt\wp-includes\functions.php on line 5349
[06-Sep-2023 13:18:37 UTC] PHP Notice:  ob_end_flush(): failed to send buffer of zlib output compression (1) in C:\MAMP\htdocs\MedIt\wp-includes\functions.php on line 5349
[06-Sep-2023 13:18:47 UTC] PHP Notice:  ob_end_flush(): failed to send buffer of zlib output compression (1) in C:\MAMP\htdocs\MedIt\wp-includes\functions.php on line 5349
[06-Sep-2023 13:18:47 UTC] PHP Notice:  ob_end_flush(): failed to send buffer of zlib output compression (1) in C:\MAMP\htdocs\MedIt\wp-includes\functions.php on line 5349
[06-Sep-2023 13:19:35 UTC] PHP Notice:  ob_end_flush(): failed to send buffer of zlib output compression (1) in C:\MAMP\htdocs\MedIt\wp-includes\functions.php on line 5349
[06-Sep-2023 13:19:35 UTC] PHP Notice:  ob_end_flush(): failed to send buffer of zlib output compression (1) in C:\MAMP\htdocs\MedIt\wp-includes\functions.php on line 5349
[06-Sep-2023 13:19:43 UTC] PHP Notice:  ob_end_flush(): failed to send buffer of zlib output compression (1) in C:\MAMP\htdocs\MedIt\wp-includes\functions.php on line 5349
[06-Sep-2023 13:19:43 UTC] PHP Notice:  ob_end_flush(): failed to send buffer of zlib output compression (1) in C:\MAMP\htdocs\MedIt\wp-includes\functions.php on line 5349
[06-Sep-2023 13:21:52 UTC] PHP Notice:  ob_end_flush(): failed to send buffer of zlib output compression (1) in C:\MAMP\htdocs\MedIt\wp-includes\functions.php on line 5349
[06-Sep-2023 13:21:52 UTC] PHP Notice:  ob_end_flush(): failed to send buffer of zlib output compression (1) in C:\MAMP\htdocs\MedIt\wp-includes\functions.php on line 5349
[06-Sep-2023 13:21:55 UTC] PHP Notice:  ob_end_flush(): failed to send buffer of zlib output compression (1) in C:\MAMP\htdocs\MedIt\wp-includes\functions.php on line 5349
[06-Sep-2023 13:21:55 UTC] PHP Notice:  ob_end_flush(): failed to send buffer of zlib output compression (1) in C:\MAMP\htdocs\MedIt\wp-includes\functions.php on line 5349
[06-Sep-2023 13:22:06 UTC] PHP Notice:  ob_end_flush(): failed to send buffer of zlib output compression (1) in C:\MAMP\htdocs\MedIt\wp-includes\functions.php on line 5349
[06-Sep-2023 13:22:06 UTC] PHP Notice:  ob_end_flush(): failed to send buffer of zlib output compression (1) in C:\MAMP\htdocs\MedIt\wp-includes\functions.php on line 5349
[06-Sep-2023 13:22:13 UTC] PHP Notice:  ob_end_flush(): failed to send buffer of zlib output compression (1) in C:\MAMP\htdocs\MedIt\wp-includes\functions.php on line 5349
[06-Sep-2023 13:22:13 UTC] PHP Notice:  ob_end_flush(): failed to send buffer of zlib output compression (1) in C:\MAMP\htdocs\MedIt\wp-includes\functions.php on line 5349
[06-Sep-2023 13:24:27 UTC] PHP Notice:  ob_end_flush(): failed to send buffer of zlib output compression (1) in C:\MAMP\htdocs\MedIt\wp-includes\functions.php on line 5349
[06-Sep-2023 13:24:27 UTC] PHP Notice:  ob_end_flush(): failed to send buffer of zlib output compression (1) in C:\MAMP\htdocs\MedIt\wp-includes\functions.php on line 5349
[06-Sep-2023 13:24:32 UTC] PHP Notice:  ob_end_flush(): failed to send buffer of zlib output compression (1) in C:\MAMP\htdocs\MedIt\wp-includes\functions.php on line 5349
[06-Sep-2023 13:24:32 UTC] PHP Notice:  ob_end_flush(): failed to send buffer of zlib output compression (1) in C:\MAMP\htdocs\MedIt\wp-includes\functions.php on line 5349
[06-Sep-2023 13:24:36 UTC] PHP Notice:  ob_end_flush(): failed to send buffer of zlib output compression (1) in C:\MAMP\htdocs\MedIt\wp-includes\functions.php on line 5349
[06-Sep-2023 13:24:36 UTC] PHP Notice:  ob_end_flush(): failed to send buffer of zlib output compression (1) in C:\MAMP\htdocs\MedIt\wp-includes\functions.php on line 5349
[12-Sep-2023 07:32:23 UTC] PHP Notice:  ob_end_flush(): failed to send buffer of zlib output compression (1) in C:\MAMP\htdocs\MedIt\wp-includes\functions.php on line 5349
[12-Sep-2023 07:32:23 UTC] PHP Notice:  ob_end_flush(): failed to send buffer of zlib output compression (1) in C:\MAMP\htdocs\MedIt\wp-includes\functions.php on line 5349
[12-Sep-2023 07:32:42 UTC] PHP Notice:  ob_end_flush(): failed to send buffer of zlib output compression (1) in C:\MAMP\htdocs\MedIt\wp-includes\functions.php on line 5349
[12-Sep-2023 07:32:42 UTC] PHP Notice:  ob_end_flush(): failed to send buffer of zlib output compression (1) in C:\MAMP\htdocs\MedIt\wp-includes\functions.php on line 5349
[12-Sep-2023 07:32:53 UTC] PHP Fatal error:  Maximum execution time of 30 seconds exceeded in C:\MAMP\htdocs\MedIt\wp-includes\Requests\src\Transport\Curl.php on line 510
[12-Sep-2023 07:32:53 UTC] PHP Notice:  ob_end_flush(): failed to send buffer of zlib output compression (1) in C:\MAMP\htdocs\MedIt\wp-includes\functions.php on line 5349
[12-Sep-2023 07:32:53 UTC] PHP Notice:  ob_end_flush(): failed to send buffer of zlib output compression (1) in C:\MAMP\htdocs\MedIt\wp-includes\functions.php on line 5349
[12-Sep-2023 09:39:01 UTC] PHP Notice:  ob_end_flush(): failed to send buffer of zlib output compression (1) in C:\MAMP\htdocs\MedIt\wp-includes\functions.php on line 5349
[12-Sep-2023 09:39:01 UTC] PHP Notice:  ob_end_flush(): failed to send buffer of zlib output compression (1) in C:\MAMP\htdocs\MedIt\wp-includes\functions.php on line 5349
[12-Sep-2023 09:39:09 UTC] PHP Notice:  ob_end_flush(): failed to send buffer of zlib output compression (1) in C:\MAMP\htdocs\MedIt\wp-includes\functions.php on line 5349
[12-Sep-2023 09:39:09 UTC] PHP Notice:  ob_end_flush(): failed to send buffer of zlib output compression (1) in C:\MAMP\htdocs\MedIt\wp-includes\functions.php on line 5349
[12-Sep-2023 09:39:26 UTC] PHP Notice:  ob_end_flush(): failed to send buffer of zlib output compression (1) in C:\MAMP\htdocs\MedIt\wp-includes\functions.php on line 5349
[12-Sep-2023 09:39:26 UTC] PHP Notice:  ob_end_flush(): failed to send buffer of zlib output compression (1) in C:\MAMP\htdocs\MedIt\wp-includes\functions.php on line 5349
[12-Sep-2023 09:39:32 UTC] PHP Notice:  ob_end_flush(): failed to send buffer of zlib output compression (1) in C:\MAMP\htdocs\MedIt\wp-includes\functions.php on line 5349
[12-Sep-2023 09:39:32 UTC] PHP Notice:  ob_end_flush(): failed to send buffer of zlib output compression (1) in C:\MAMP\htdocs\MedIt\wp-includes\functions.php on line 5349
[12-Sep-2023 09:39:36 UTC] PHP Notice:  ob_end_flush(): failed to send buffer of zlib output compression (1) in C:\MAMP\htdocs\MedIt\wp-includes\functions.php on line 5349
[12-Sep-2023 09:39:36 UTC] PHP Notice:  ob_end_flush(): failed to send buffer of zlib output compression (1) in C:\MAMP\htdocs\MedIt\wp-includes\functions.php on line 5349
[12-Sep-2023 09:41:20 UTC] PHP Notice:  ob_end_flush(): failed to send buffer of zlib output compression (1) in C:\MAMP\htdocs\MedIt\wp-includes\functions.php on line 5349
[12-Sep-2023 09:41:20 UTC] PHP Notice:  ob_end_flush(): failed to send buffer of zlib output compression (1) in C:\MAMP\htdocs\MedIt\wp-includes\functions.php on line 5349
[12-Sep-2023 09:50:51 UTC] PHP Notice:  ob_end_flush(): failed to send buffer of zlib output compression (1) in C:\MAMP\htdocs\MedIt\wp-includes\functions.php on line 5349
[12-Sep-2023 09:50:51 UTC] PHP Notice:  ob_end_flush(): failed to send buffer of zlib output compression (1) in C:\MAMP\htdocs\MedIt\wp-includes\functions.php on line 5349
[12-Sep-2023 10:13:25 UTC] PHP Notice:  ob_end_flush(): failed to send buffer of zlib output compression (1) in C:\MAMP\htdocs\MedIt\wp-includes\functions.php on line 5349
[12-Sep-2023 10:13:25 UTC] PHP Notice:  ob_end_flush(): failed to send buffer of zlib output compression (1) in C:\MAMP\htdocs\MedIt\wp-includes\functions.php on line 5349
[12-Sep-2023 10:13:26 UTC] PHP Notice:  ob_end_flush(): failed to send buffer of zlib output compression (1) in C:\MAMP\htdocs\MedIt\wp-includes\functions.php on line 5349
[12-Sep-2023 10:13:26 UTC] PHP Notice:  ob_end_flush(): failed to send buffer of zlib output compression (1) in C:\MAMP\htdocs\MedIt\wp-includes\functions.php on line 5349
[12-Sep-2023 10:14:06 UTC] PHP Notice:  ob_end_flush(): failed to send buffer of zlib output compression (1) in C:\MAMP\htdocs\MedIt\wp-includes\functions.php on line 5349
[12-Sep-2023 10:14:06 UTC] PHP Notice:  ob_end_flush(): failed to send buffer of zlib output compression (1) in C:\MAMP\htdocs\MedIt\wp-includes\functions.php on line 5349
[12-Sep-2023 10:14:37 UTC] PHP Notice:  ob_end_flush(): failed to send buffer of zlib output compression (1) in C:\MAMP\htdocs\MedIt\wp-includes\functions.php on line 5349
[12-Sep-2023 10:14:37 UTC] PHP Notice:  ob_end_flush(): failed to send buffer of zlib output compression (1) in C:\MAMP\htdocs\MedIt\wp-includes\functions.php on line 5349
[12-Sep-2023 10:14:45 UTC] PHP Notice:  ob_end_flush(): failed to send buffer of zlib output compression (1) in C:\MAMP\htdocs\MedIt\wp-includes\functions.php on line 5349
[12-Sep-2023 10:14:45 UTC] PHP Notice:  ob_end_flush(): failed to send buffer of zlib output compression (1) in C:\MAMP\htdocs\MedIt\wp-includes\functions.php on line 5349
[12-Sep-2023 10:14:53 UTC] PHP Notice:  ob_end_flush(): failed to send buffer of zlib output compression (1) in C:\MAMP\htdocs\MedIt\wp-includes\functions.php on line 5349
[12-Sep-2023 10:14:53 UTC] PHP Notice:  ob_end_flush(): failed to send buffer of zlib output compression (1) in C:\MAMP\htdocs\MedIt\wp-includes\functions.php on line 5349
[12-Sep-2023 10:15:23 UTC] PHP Notice:  ob_end_flush(): failed to send buffer of zlib output compression (1) in C:\MAMP\htdocs\MedIt\wp-includes\functions.php on line 5349
[12-Sep-2023 10:15:23 UTC] PHP Notice:  ob_end_flush(): failed to send buffer of zlib output compression (1) in C:\MAMP\htdocs\MedIt\wp-includes\functions.php on line 5349
[12-Sep-2023 10:15:30 UTC] PHP Notice:  ob_end_flush(): failed to send buffer of zlib output compression (1) in C:\MAMP\htdocs\MedIt\wp-includes\functions.php on line 5349
[12-Sep-2023 10:15:30 UTC] PHP Notice:  ob_end_flush(): failed to send buffer of zlib output compression (1) in C:\MAMP\htdocs\MedIt\wp-includes\functions.php on line 5349
[12-Sep-2023 10:15:32 UTC] PHP Notice:  ob_end_flush(): failed to send buffer of zlib output compression (1) in C:\MAMP\htdocs\MedIt\wp-includes\functions.php on line 5349
[12-Sep-2023 10:15:32 UTC] PHP Notice:  ob_end_flush(): failed to send buffer of zlib output compression (1) in C:\MAMP\htdocs\MedIt\wp-includes\functions.php on line 5349
[12-Sep-2023 10:15:48 UTC] PHP Notice:  ob_end_flush(): failed to send buffer of zlib output compression (1) in C:\MAMP\htdocs\MedIt\wp-includes\functions.php on line 5349
[12-Sep-2023 10:15:48 UTC] PHP Notice:  ob_end_flush(): failed to send buffer of zlib output compression (1) in C:\MAMP\htdocs\MedIt\wp-includes\functions.php on line 5349
[12-Sep-2023 10:17:37 UTC] PHP Notice:  ob_end_flush(): failed to send buffer of zlib output compression (1) in C:\MAMP\htdocs\MedIt\wp-includes\functions.php on line 5349
[12-Sep-2023 10:17:37 UTC] PHP Notice:  ob_end_flush(): failed to send buffer of zlib output compression (1) in C:\MAMP\htdocs\MedIt\wp-includes\functions.php on line 5349
[12-Sep-2023 10:20:02 UTC] PHP Notice:  ob_end_flush(): failed to send buffer of zlib output compression (1) in C:\MAMP\htdocs\MedIt\wp-includes\functions.php on line 5349
[12-Sep-2023 10:20:02 UTC] PHP Notice:  ob_end_flush(): failed to send buffer of zlib output compression (1) in C:\MAMP\htdocs\MedIt\wp-includes\functions.php on line 5349
[12-Sep-2023 10:20:07 UTC] PHP Notice:  ob_end_flush(): failed to send buffer of zlib output compression (1) in C:\MAMP\htdocs\MedIt\wp-includes\functions.php on line 5349
[12-Sep-2023 10:20:07 UTC] PHP Notice:  ob_end_flush(): failed to send buffer of zlib output compression (1) in C:\MAMP\htdocs\MedIt\wp-includes\functions.php on line 5349
[12-Sep-2023 10:20:18 UTC] PHP Notice:  ob_end_flush(): failed to send buffer of zlib output compression (1) in C:\MAMP\htdocs\MedIt\wp-includes\functions.php on line 5349
[12-Sep-2023 10:20:18 UTC] PHP Notice:  ob_end_flush(): failed to send buffer of zlib output compression (1) in C:\MAMP\htdocs\MedIt\wp-includes\functions.php on line 5349
[12-Sep-2023 10:20:54 UTC] PHP Notice:  ob_end_flush(): failed to send buffer of zlib output compression (1) in C:\MAMP\htdocs\MedIt\wp-includes\functions.php on line 5349
[12-Sep-2023 10:20:54 UTC] PHP Notice:  ob_end_flush(): failed to send buffer of zlib output compression (1) in C:\MAMP\htdocs\MedIt\wp-includes\functions.php on line 5349
